Makelanlan.DAL  2018/7/16 10:52:16
GetNoneBySQL]    数据层:[ UPDATE puku_user SET ID='12',CODE='01',USERPU='admin',MM='cD5dBkKkXHfzMpIHBQOgLF6ZqjcyQj2c',TURENAME='郑昌仁',DEPT='总经理',MASTERNAME='郑昌仁',CREATEDATE='07 24 2007 12:00AM',DEFAULTUI='销售系统',MAXVALUE='2',ISSTOP='否',允许管理物料BY仓库名称=',常用物料,,修理库,,原材料库,,半成品库,,废料库,,工具仓库,,天成服务部,,不合格库,,昆山服务部,,玉环服务部,,深圳服务部,,维修零件库,,销售配件库,,生活厨房用品,,综合物料库,,辅料库,,成品库,',MM='vlGO0mebgokdYDKWmVgV8TqdCBQihSMD' where 1=1 and USERPU=admin
----------------------------------------------------------------------------------------
Makelanlan.DAL  2018/7/16 11:26:13
GetNoneBySQL]    数据层:[ UPDATE puku_user SET ID='16',CODE='03',USERPU='026',MM='EgSIZ7/bZTcztXikajblHQ==',TURENAME='万秀秀',DEPT='会计',MASTERNAME='万秀秀',CREATEDATE='10 19 2015 12:00AM',DEFAULTUI='财务系统',MAXVALUE='lxd',ISSTOP='否',允许管理物料BY仓库名称=',生活厨房用品,' where 1=1 and USERPU=026
----------------------------------------------------------------------------------------
Makelanlan.DAL  2018/7/16 11:37:24
GetNoneBySQL]    数据层:[ UPDATE puku_user SET ID='16',CODE='03',USERPU='026',MM='EgSIZ7/bZTcztXikajblHQ==',TURENAME='万秀秀',DEPT='会计',MASTERNAME='万秀秀',CREATEDATE='10 19 2015 12:00AM',DEFAULTUI='财务系统',MAXVALUE='lxd',ISSTOP='否',允许管理物料BY仓库名称=',生活厨房用品,',ISSTOP='是' where 1=1 and USERPU=026
----------------------------------------------------------------------------------------
Makelanlan.DAL  2018/7/16 11:39:26
GetNoneBySQL]    数据层:[ UPDATE puku_user SET ID='17',CODE='04',USERPU='153',MM='rba1sC28JBhXz41bLUAKqQ==',TURENAME='谷力振',DEPT='采购员',MASTERNAME='谷力振',CREATEDATE='10 19 2015 12:00AM',DEFAULTUI='采购系统',MAXVALUE='lxd',ISSTOP='否',ISSTOP='是' where 1=1 and USERPU=153
----------------------------------------------------------------------------------------
Makelanlan.DAL  2018/7/16 11:41:42
GetNoneBySQL]    数据层:[ UPDATE puku_user SET ID='16',CODE='03',USERPU='026',MM='EgSIZ7/bZTcztXikajblHQ==',TURENAME='万秀秀',DEPT='会计',MASTERNAME='万秀秀',CREATEDATE='10 19 2015 12:00AM',DEFAULTUI='财务系统',MAXVALUE='lxd',ISSTOP='否',允许管理物料BY仓库名称=',生活厨房用品,',ISSTOP='是' where 1=1    and id =16
----------------------------------------------------------------------------------------
Makelanlan.DAL  2018/7/16 11:46:29
GetNoneBySQL]    数据层:[ UPDATE puku_user SET ID='16',CODE='03',USERPU='026',MM='EgSIZ7/bZTcztXikajblHQ==',TURENAME='万秀秀',DEPT='会计',MASTERNAME='万秀秀',CREATEDATE='10 19 2015 12:00AM',DEFAULTUI='财务系统',MAXVALUE='lxd',ISSTOP='否',允许管理物料BY仓库名称=',生活厨房用品,',ISSTOP='是' where 1=1  and id =16
----------------------------------------------------------------------------------------
Makelanlan.DAL  2018/7/16 11:46:58
GetNoneBySQL]    数据层:[ UPDATE puku_user SET ID='16',CODE='03',USERPU='026',MM='EgSIZ7/bZTcztXikajblHQ==',TURENAME='万秀秀',DEPT='会计',MASTERNAME='万秀秀',CREATEDATE='10 19 2015 12:00AM',DEFAULTUI='财务系统',MAXVALUE='lxd',ISSTOP='否',允许管理物料BY仓库名称=',生活厨房用品,',ISSTOP='是' where 1=1  and id =16
----------------------------------------------------------------------------------------
Makelanlan.DAL  2018/7/16 11:47:59
GetNoneBySQL]    数据层:[ UPDATE puku_user SET ID='16',CODE='03',USERPU='026',MM='EgSIZ7/bZTcztXikajblHQ==',TURENAME='万秀秀',DEPT='会计',MASTERNAME='万秀秀',CREATEDATE='10 19 2015 12:00AM',DEFAULTUI='财务系统',MAXVALUE='lxd',ISSTOP='否',允许管理物料BY仓库名称=',生活厨房用品,',ISSTOP='是' where 1=1  and id =16
----------------------------------------------------------------------------------------
Makelanlan.DAL  2018/7/16 11:49:59
GetNoneBySQL]    数据层:[ UPDATE puku_user SET ID='16',CODE='03',USERPU='026',MM='EgSIZ7/bZTcztXikajblHQ==',TURENAME='万秀秀',DEPT='会计',MASTERNAME='万秀秀',CREATEDATE='10 19 2015 12:00AM',DEFAULTUI='财务系统',MAXVALUE='lxd',ISSTOP='否',允许管理物料BY仓库名称=',生活厨房用品,',ISSTOP='是' where 1=1  and id =16
----------------------------------------------------------------------------------------
Makelanlan.DAL  2018/7/16 13:04:44
GetNoneBySQL]    数据层:[ UPDATE puku_user SET ID='16',CODE='03',USERPU='026',MM='EgSIZ7/bZTcztXikajblHQ==',TURENAME='万秀秀',DEPT='会计',MASTERNAME='万秀秀',CREATEDATE='10 19 2015 12:00AM',DEFAULTUI='财务系统',MAXVALUE='lxd',ISSTOP='否',允许管理物料BY仓库名称=',生活厨房用品,',ISSTOP='是',ISSTOP='是shuwqhidqwb' where 1=1  and id =16
----------------------------------------------------------------------------------------
Makelanlan.DAL  2018/7/16 13:15:55
GetNoneBySQL]    数据层:[ UPDATE puku_user SET ID='17' CODE='04' USERPU='153' MM='rba1sC28JBhXz41bLUAKqQ==' TURENAME='谷力振' DEPT='采购员' MASTERNAME='谷力振' CREATEDATE='10 19 2015 12:00AM' DEFAULTUI='采购系统' MAXVALUE='lxd' CANREADEDBYINTRODUCER='' ISSTOP='是' 允许管理物料BY仓库名称=''  where 1=1  and id =17
----------------------------------------------------------------------------------------
Makelanlan.DAL  2018/7/16 13:19:00
GetNoneBySQL]    数据层:[ UPDATE puku_user SET ID='17' ,CODE='04' ,USERPU='153' ,MM='rba1sC28JBhXz41bLUAKqQ==' ,TURENAME='谷力振' ,DEPT='采购员' ,MASTERNAME='谷力振' ,CREATEDATE='10 19 2015 12:00AM' ,DEFAULTUI='采购系统' ,MAXVALUE='lxd' ,CANREADEDBYINTRODUCER='' ,ISSTOP='是' ,允许管理物料BY仓库名称=''  where 1=1  and id =17
----------------------------------------------------------------------------------------
Makelanlan.DAL  2018/7/16 13:33:24
GetNoneBySQL]    数据层:[ UPDATE puku_user SET ID='20',CODE='08',USERPU='046',MM='sZEDwQi1BvQ=',TURENAME='陈梦雨',DEPT='业务员',MASTERNAME='陈梦雨',CREATEDATE='10 19 2015 12:00AM',DEFAULTUI='销售系统',MAXVALUE='lxd',ISSTOP='否',MM='fRAGaRmvJBbphMWPL/lEqQ==' where 1=1 and USERPU=046
----------------------------------------------------------------------------------------
Makelanlan.DAL  2018/7/26 14:46:58
GetArraylistBySQL]    数据层:[ select * from (select id as nouse_id,paytype from BILLnouse2where  BILLTYPE ='售后返厂维修' and (isnull(Paytype,'')<>'')and left(code,1)<>'*' and  (freenum5 is null or freenum5 < 1) ) as c left join clientservice_AfterServiceBill b on c.Paytype=b.code 
----------------------------------------------------------------------------------------
Makelanlan.DAL  2018/7/26 14:50:19
GetArraylistBySQL]    数据层:[ select * from (select id as nouse_id,paytype from BILLnouse2where  (isnull(Paytype,'')<>'') and left(code,1)<>'*' and  (freenum5 is null or freenum5 < 1) ) as c left join clientservice_AfterServiceBill b on c.Paytype=b.code 
----------------------------------------------------------------------------------------
Makelanlan.DAL  2018/7/26 15:00:40
GetArraylistBySQL]    数据层:[ select b.id,b.code,b.billtype,b.client,b.billman,b.zf1,nouse_id as zf26 from (select id as nouse_id,paytype from BILLnouse2 where  BILLTYPE ='售后返厂维修' and (isnull(Paytype,'')<>'')and left(code,1)<>'*' and  (freenum5 is null or freenum5 < 1) ) as c left join clientservice_AfterServiceBill b on c.Paytype=b.code 
----------------------------------------------------------------------------------------
Makelanlan.DAL  2018/7/26 15:01:59
GetArraylistBySQL]    数据层:[ select b.id,b.code,b.billtype,b.client,b.billman,b.zf1,nouse_id as sz1 from (select id as nouse_id,paytype from BILLnouse2 where  BILLTYPE ='售后返厂维修' and (isnull(Paytype,'')<>'')and left(code,1)<>'*' and  (freenum5 is null or freenum5 < 1) ) as c left join clientservice_AfterServiceBill b on c.Paytype=b.code 
----------------------------------------------------------------------------------------
